2025-10-05 03:28:28 [[31merror[39m]: MongoServerError: bad auth : authentication failed
    at Connection.sendCommand (/home/roshan/dev/nutri_bowl/nutri_backend/node_modules/mongodb/lib/cmap/connection.js:306:27)
    at process.processTicksAndRejections (node:internal/process/task_queues:95:5)
    at async Connection.command (/home/roshan/dev/nutri_bowl/nutri_backend/node_modules/mongodb/lib/cmap/connection.js:334:26)
    at async continueScramConversation (/home/roshan/dev/nutri_bowl/nutri_backend/node_modules/mongodb/lib/cmap/auth/scram.js:131:15)
    at async executeScram (/home/roshan/dev/nutri_bowl/nutri_backend/node_modules/mongodb/lib/cmap/auth/scram.js:80:5)
    at async ScramSHA1.auth (/home/roshan/dev/nutri_bowl/nutri_backend/node_modules/mongodb/lib/cmap/auth/scram.js:39:16)
    at async performInitialHandshake (/home/roshan/dev/nutri_bowl/nutri_backend/node_modules/mongodb/lib/cmap/connect.js:104:13)
    at async connect (/home/roshan/dev/nutri_bowl/nutri_backend/node_modules/mongodb/lib/cmap/connect.js:24:9)
2025-10-05 03:43:13 [[31merror[39m]: ReferenceError: getDB is not defined
    at file:///home/roshan/dev/nutri_bowl/nutri_backend/server.js:22:16
    at Layer.handleRequest (/home/roshan/dev/nutri_bowl/nutri_backend/node_modules/router/lib/layer.js:152:17)
    at next (/home/roshan/dev/nutri_bowl/nutri_backend/node_modules/router/lib/route.js:157:13)
    at Route.dispatch (/home/roshan/dev/nutri_bowl/nutri_backend/node_modules/router/lib/route.js:117:3)
    at handle (/home/roshan/dev/nutri_bowl/nutri_backend/node_modules/router/index.js:435:11)
    at Layer.handleRequest (/home/roshan/dev/nutri_bowl/nutri_backend/node_modules/router/lib/layer.js:152:17)
    at /home/roshan/dev/nutri_bowl/nutri_backend/node_modules/router/index.js:295:15
    at processParams (/home/roshan/dev/nutri_bowl/nutri_backend/node_modules/router/index.js:582:12)
    at next (/home/roshan/dev/nutri_bowl/nutri_backend/node_modules/router/index.js:291:5)
    at jsonParser (/home/roshan/dev/nutri_bowl/nutri_backend/node_modules/body-parser/lib/types/json.js:100:7)
2025-10-05 03:43:16 [[31merror[39m]: ReferenceError: getDB is not defined
    at file:///home/roshan/dev/nutri_bowl/nutri_backend/server.js:22:16
    at Layer.handleRequest (/home/roshan/dev/nutri_bowl/nutri_backend/node_modules/router/lib/layer.js:152:17)
    at next (/home/roshan/dev/nutri_bowl/nutri_backend/node_modules/router/lib/route.js:157:13)
    at Route.dispatch (/home/roshan/dev/nutri_bowl/nutri_backend/node_modules/router/lib/route.js:117:3)
    at handle (/home/roshan/dev/nutri_bowl/nutri_backend/node_modules/router/index.js:435:11)
    at Layer.handleRequest (/home/roshan/dev/nutri_bowl/nutri_backend/node_modules/router/lib/layer.js:152:17)
    at /home/roshan/dev/nutri_bowl/nutri_backend/node_modules/router/index.js:295:15
    at processParams (/home/roshan/dev/nutri_bowl/nutri_backend/node_modules/router/index.js:582:12)
    at next (/home/roshan/dev/nutri_bowl/nutri_backend/node_modules/router/index.js:291:5)
    at jsonParser (/home/roshan/dev/nutri_bowl/nutri_backend/node_modules/body-parser/lib/types/json.js:100:7)
2025-10-05 03:44:06 [[31merror[39m]: ReferenceError: getDB is not defined
    at file:///home/roshan/dev/nutri_bowl/nutri_backend/server.js:22:16
    at Layer.handleRequest (/home/roshan/dev/nutri_bowl/nutri_backend/node_modules/router/lib/layer.js:152:17)
    at next (/home/roshan/dev/nutri_bowl/nutri_backend/node_modules/router/lib/route.js:157:13)
    at Route.dispatch (/home/roshan/dev/nutri_bowl/nutri_backend/node_modules/router/lib/route.js:117:3)
    at handle (/home/roshan/dev/nutri_bowl/nutri_backend/node_modules/router/index.js:435:11)
    at Layer.handleRequest (/home/roshan/dev/nutri_bowl/nutri_backend/node_modules/router/lib/layer.js:152:17)
    at /home/roshan/dev/nutri_bowl/nutri_backend/node_modules/router/index.js:295:15
    at processParams (/home/roshan/dev/nutri_bowl/nutri_backend/node_modules/router/index.js:582:12)
    at next (/home/roshan/dev/nutri_bowl/nutri_backend/node_modules/router/index.js:291:5)
    at jsonParser (/home/roshan/dev/nutri_bowl/nutri_backend/node_modules/body-parser/lib/types/json.js:100:7)
2025-10-05 03:45:34 [[31merror[39m]: ReferenceError: getDB is not defined
    at file:///home/roshan/dev/nutri_bowl/nutri_backend/server.js:22:16
    at Layer.handleRequest (/home/roshan/dev/nutri_bowl/nutri_backend/node_modules/router/lib/layer.js:152:17)
    at next (/home/roshan/dev/nutri_bowl/nutri_backend/node_modules/router/lib/route.js:157:13)
    at Route.dispatch (/home/roshan/dev/nutri_bowl/nutri_backend/node_modules/router/lib/route.js:117:3)
    at handle (/home/roshan/dev/nutri_bowl/nutri_backend/node_modules/router/index.js:435:11)
    at Layer.handleRequest (/home/roshan/dev/nutri_bowl/nutri_backend/node_modules/router/lib/layer.js:152:17)
    at /home/roshan/dev/nutri_bowl/nutri_backend/node_modules/router/index.js:295:15
    at processParams (/home/roshan/dev/nutri_bowl/nutri_backend/node_modules/router/index.js:582:12)
    at next (/home/roshan/dev/nutri_bowl/nutri_backend/node_modules/router/index.js:291:5)
    at jsonParser (/home/roshan/dev/nutri_bowl/nutri_backend/node_modules/body-parser/lib/types/json.js:100:7)
